2023-06-30 08:45:30,977	INFO	CLIENT: IN Bind 10.6.0.49:80
2023-06-30 08:45:30,979	INFO	SERVER: IN Bind 10.6.0.49:80
2023-06-30 08:45:30,981	INFO	SERVER: OUT Bind localhost:8080
2023-06-30 08:45:30,983	INFO	SERVER: STARTED
2023-06-30 08:45:31,088	INFO	CLIENT: OUT Bind localhost:1234
2023-06-30 08:45:31,092	INFO	CLIENT: STARTED
2023-06-30 08:45:32,531	INFO	CLIENT: IN Data transfer
2023-06-30 08:45:32,531	INFO	SERVER: Data verified [199b40a4fa187270c11d5782b369f74dbd93dac7b04cf3a52c6ee69e]
2023-06-30 08:45:32,532	INFO	SERVER: OUT Data transfer
2023-06-30 08:45:34,329	INFO	CLIENT: IN Data transfer
2023-06-30 08:45:34,330	INFO	SERVER: Data verified [e710cb1d3d4a154e9779507b3a26ea284d60243077c9a11dade7fa03]
2023-06-30 08:45:34,338	INFO	SERVER: OUT Data transfer
2023-06-30 08:45:41,918	INFO	CLIENT: IN Data transfer
2023-06-30 08:45:41,918	INFO	SERVER: Data verified [ca478722ed4508ec471296edc4fa682eb465db50d7f3652ef703ca20]
2023-06-30 08:45:41,918	INFO	SERVER: OUT Data transfer
2023-06-30 08:45:44,190	INFO	CLIENT: IN Data transfer
2023-06-30 08:45:44,190	INFO	SERVER: Data verified [f94ddccee64956c1de15469ff3ef7ba05766f4d768a9fea6a6b9ada0]
2023-06-30 08:45:44,190	INFO	SERVER: OUT Data transfer
2023-06-30 08:45:45,939	ERROR	CLIENT: [WinError 10054] 현재 연결은 원격 호스트에 의해 강제로 끊겼습니다
2023-06-30 08:45:45,942	ERROR	CLIENT: [WinError 10053] 현재 연결은 사용자의 호스트 시스템의 소프트웨어의 의해 중단되었습니다
2023-06-30 08:45:45,942	ERROR	SERVER: [WinError 10054] 현재 연결은 원격 호스트에 의해 강제로 끊겼습니다
2023-06-30 08:45:45,942	ERROR	SERVER: [WinError 10053] 현재 연결은 사용자의 호스트 시스템의 소프트웨어의 의해 중단되었습니다
