2023-07-04 11:41:20,075	INFO	CLIENT: IN Bind 192.168.1.103:80
2023-07-04 11:41:20,079	INFO	SERVER: IN Bind 192.168.1.103:80
2023-07-04 11:41:21,613	INFO	SERVER: OUT Bind localhost:8080
2023-07-04 11:41:21,621	INFO	SERVER: STARTED
2023-07-04 11:41:23,663	INFO	CLIENT: OUT Bind localhost:1234
2023-07-04 11:41:23,666	INFO	CLIENT: STARTED
2023-07-04 11:41:27,662	INFO	CLIENT: IN Data transfer
2023-07-04 11:41:27,662	INFO	SERVER: Data verified [afea13c549a1ed68460ae978b58916cc12754575ce463457fa143d1b]
2023-07-04 11:41:27,662	INFO	SERVER: OUT Data transfer
2023-07-04 11:41:29,081	INFO	CLIENT: IN Data transfer
2023-07-04 11:41:29,082	INFO	SERVER: Data verified [50a8f3c75868110d4076d6e3c108dff00ac4c5943fe7d49fae1ac123]
2023-07-04 11:41:29,083	INFO	SERVER: OUT Data transfer
2023-07-04 11:41:33,849	INFO	CLIENT: IN Data transfer
2023-07-04 11:41:33,849	INFO	SERVER: Data verified [edea06199d99bd025023bbeac7463cbba73953bdc962c68ff37f3dd8]
2023-07-04 11:41:33,849	INFO	SERVER: OUT Data transfer
2023-07-04 11:41:37,392	INFO	CLIENT: IN Data transfer
2023-07-04 11:41:37,393	INFO	SERVER: Data verified [5afb049eba9da7ca5f47bd75a0673d58a1d5b1abafc7425b6d0d51b5]
2023-07-04 11:41:37,393	INFO	SERVER: OUT Data transfer
2023-07-04 11:41:38,423	INFO	CLIENT: IN Data transfer
2023-07-04 11:41:38,423	INFO	SERVER: Data verified [50a8f3c75868110d4076d6e3c108dff00ac4c5943fe7d49fae1ac123]
2023-07-04 11:41:38,424	INFO	SERVER: OUT Data transfer
2023-07-04 11:41:39,776	ERROR	CLIENT: [WinError 10054] 현재 연결은 원격 호스트에 의해 강제로 끊겼습니다
2023-07-04 11:41:39,781	ERROR	CLIENT: [WinError 10053] 현재 연결은 사용자의 호스트 시스템의 소프트웨어의 의해 중단되었습니다
2023-07-04 11:41:39,783	ERROR	SERVER: [WinError 10053] 현재 연결은 사용자의 호스트 시스템의 소프트웨어의 의해 중단되었습니다
